-------------------------------------------------------------------------------
Test set: lt.itakademija.GradedSuiteIT
-------------------------------------------------------------------------------
Tests run: 14, Failures: 1, Errors: 0, Skipped: 0, Time elapsed: 6.008 sec <<< FAILURE! - in lt.itakademija.GradedSuiteIT
registersEventsThenChangesSeverityLevelForEachEventAndDeletesEachEvent(lt.itakademija.RestServicesTask)  Time elapsed: 0.02 sec  <<< FAILURE!
java.lang.AssertionError: Wrong status code
Expected: is <201>
     but: was <400>
	at org.hamcrest.MatcherAssert.assertThat(MatcherAssert.java:20)
	at org.junit.Assert.assertThat(Assert.java:956)
	at lt.itakademija.RestServicesTask.registerEvent(RestServicesTask.java:244)
	at lt.itakademija.RestServicesTask.lambda$registersEventsThenChangesSeverityLevelForEachEventAndDeletesEachEvent$2(RestServicesTask.java:172)

