<?xml version="1.0" encoding="UTF-8"?>
<testsuite name="lt.itakademija.GradedSuiteIT" time="1.049" tests="14" errors="0" skipped="0" failures="1">
  <properties>
[...]
</properties>
  <testcase name="securityEventsRepositoryReturnsAllRegisteredEventCorrectly" classname="lt.itakademija.JavaCodingTask" time="0.177"/>
  <testcase name="dateProviderWorksCorrectly" classname="lt.itakademija.JavaCodingTask" time="0"/>
  <testcase name="securityEventsRepositoryDeletesEventCorrectly" classname="lt.itakademija.JavaCodingTask" time="0"/>
  <testcase name="securityEventsRepositoryCreatesEventCorrectly" classname="lt.itakademija.JavaCodingTask" time="0.005"/>
  <testcase name="sequenceNumberGeneratorWorksCorrectly" classname="lt.itakademija.JavaCodingTask" time="0"/>
  <testcase name="securityEventsRepositoryUpdatesEventCorrectly" classname="lt.itakademija.JavaCodingTask" time="0.003"/>
  <testcase name="securityServiceControllerIsSpringComponent" classname="lt.itakademija.SpringConfigurationTask" time="0.011"/>
  <testcase name="sequenceNumberGeneratorIsSpringComponent" classname="lt.itakademija.SpringConfigurationTask" time="0.005"/>
  <testcase name="dateTimeProviderIsSpringComponent" classname="lt.itakademija.SpringConfigurationTask" time="0.005"/>
  <testcase name="securityEventsRepositoryIsSpringComponent" classname="lt.itakademija.SpringConfigurationTask" time="0.004"/>
  <testcase name="eventCreateOperationEnsuresThatRequiredDataIsPresent" classname="lt.itakademija.RestServicesTask" time="0.628"/>
  <testcase name="eventUpdateOperationEnsuresThatRequiredDataIsPresent" classname="lt.itakademija.RestServicesTask" time="0.023"/>
  <testcase name="registersEventsThenChangesSeverityLevelForEachEventAndDeletesEachEvent" classname="lt.itakademija.RestServicesTask" time="0.02">
    <failure message="Wrong status code&#10;Expected: is &lt;201&gt;&#10;     but: was &lt;400&gt;" type="java.lang.AssertionError"><![CDATA[java.lang.AssertionError: Wrong status code
Expected: is <201>
     but: was <400>
	at org.hamcrest.MatcherAssert.assertThat(MatcherAssert.java:20)
	at org.junit.Assert.assertThat(Assert.java:956)
	at lt.itakademija.RestServicesTask.registerEvent(RestServicesTask.java:244)
	at lt.itakademija.RestServicesTask.lambda$registersEventsThenChangesSeverityLevelForEachEventAndDeletesEachEvent$2(RestServicesTask.java:172)
]]></failure>
    <system-out><![CDATA[2018-04-10 13:42:38.079  INFO 4368 --- [           main] lt.itakademija.RestServicesTask          : Registering event: {'severityLevel':'HIGH','location':'Vilnius','description':'Attack reported.'}
]]></system-out>
  </testcase>
  <testcase name="swaggerDocIsPublished" classname="lt.itakademija.SwaggerDocTask" time="0.168"/>
</testsuite>